<?xml version="1.0" encoding="UTF-8"?>
<!-- Generated by org.testng.reporters.JUnitReportReporter -->
<testsuite hostname="Dhruvs-MacBook-Air.local" failures="0" tests="1" name="com.wlabs.qa.testcases.HomePageTest" time="14.701" errors="0" timestamp="2022-06-16T10:21:23 EDT" skipped="0">
  <testcase classname="com.wlabs.qa.testcases.HomePageTest" name="clickOnMyAccountTest" time="14.701"/>
  <system-out/>
</testsuite> <!-- com.wlabs.qa.testcases.HomePageTest -->
